{
  "contracts/EnterMagisk.sol": {
    "l": { "10": 0, "17": 0, "21": 0, "22": 0, "26": 0 },
    "path": "/root/nftproject/contracts/EnterMagisk.sol",
    "s": { "1": 0, "2": 0 },
    "b": { "1": [0, 0], "2": [0, 0], "3": [0, 0] },
    "f": { "1": 0, "2": 0, "3": 0, "4": 0 },
    "fnMap": {
      "1": {
        "name": "constructor",
        "line": 9,
        "loc": {
          "start": { "line": 9, "column": 4 },
          "end": { "line": 11, "column": 4 }
        }
      },
      "2": {
        "name": "coolDownEnabled",
        "line": 16,
        "loc": {
          "start": { "line": 16, "column": 4 },
          "end": { "line": 23, "column": 4 }
        }
      },
      "3": {
        "name": "enterLounge",
        "line": 25,
        "loc": {
          "start": { "line": 25, "column": 4 },
          "end": { "line": 27, "column": 4 }
        }
      },
      "4": {
        "name": "claimFreeGifts",
        "line": 29,
        "loc": {
          "start": { "line": 29, "column": 4 },
          "end": { "line": 29, "column": 54 }
        }
      }
    },
    "statementMap": {
      "1": {
        "start": { "line": 17, "column": 8 },
        "end": { "line": 17, "column": 393 }
      },
      "2": {
        "start": { "line": 26, "column": 8 },
        "end": { "line": 26, "column": 32 }
      }
    },
    "branchMap": {
      "1": {
        "line": 17,
        "type": "if",
        "locations": [
          {
            "start": { "line": 17, "column": 8 },
            "end": { "line": 17, "column": 8 }
          },
          {
            "start": { "line": 17, "column": 8 },
            "end": { "line": 17, "column": 8 }
          }
        ]
      },
      "2": {
        "line": 25,
        "type": "if",
        "locations": [
          {
            "start": { "line": 25, "column": 47 },
            "end": { "line": 25, "column": 47 }
          },
          {
            "start": { "line": 25, "column": 47 },
            "end": { "line": 25, "column": 47 }
          }
        ]
      },
      "3": {
        "line": 29,
        "type": "if",
        "locations": [
          {
            "start": { "line": 29, "column": 37 },
            "end": { "line": 29, "column": 37 }
          },
          {
            "start": { "line": 29, "column": 37 },
            "end": { "line": 29, "column": 37 }
          }
        ]
      }
    }
  },
  "contracts/MagicNft.sol": {
    "l": {
      "58": 0,
      "59": 0,
      "61": 0,
      "62": 0,
      "64": 0,
      "69": 0,
      "70": 0,
      "72": 0,
      "73": 0,
      "75": 0,
      "79": 0,
      "80": 0,
      "86": 0,
      "90": 0,
      "91": 0,
      "94": 0,
      "95": 0,
      "97": 0,
      "99": 0,
      "103": 0,
      "106": 0,
      "107": 0,
      "109": 0,
      "111": 0,
      "118": 0,
      "120": 0,
      "121": 0,
      "122": 0,
      "123": 0,
      "124": 0,
      "125": 0,
      "127": 0,
      "128": 0,
      "129": 0,
      "130": 0,
      "131": 0,
      "136": 0,
      "151": 0
    },
    "path": "/root/nftproject/contracts/MagicNft.sol",
    "s": {
      "1": 0,
      "2": 0,
      "3": 0,
      "4": 0,
      "5": 0,
      "6": 0,
      "7": 0,
      "8": 0,
      "9": 0,
      "10": 0,
      "11": 0,
      "12": 0,
      "13": 0,
      "14": 0,
      "15": 0,
      "16": 0,
      "17": 0,
      "18": 0,
      "19": 0,
      "20": 0,
      "21": 0,
      "22": 0,
      "23": 0,
      "24": 0,
      "25": 0,
      "26": 0,
      "27": 0,
      "28": 0
    },
    "b": {
      "1": [0, 0],
      "2": [0, 0],
      "3": [0, 0],
      "4": [0, 0],
      "5": [0, 0],
      "6": [0, 0],
      "7": [0, 0],
      "8": [0, 0],
      "9": [0, 0],
      "10": [0, 0],
      "11": [0, 0],
      "12": [0, 0],
      "13": [0, 0],
      "14": [0, 0],
      "15": [0, 0],
      "16": [0, 0]
    },
    "f": { "1": 6, "2": 0, "3": 0, "4": 0, "5": 0, "6": 0, "7": 0 },
    "fnMap": {
      "1": {
        "name": "constructor",
        "line": 54,
        "loc": {
          "start": { "line": 54, "column": 4 },
          "end": { "line": 54, "column": 31 }
        }
      },
      "2": {
        "name": "buySilverNFT",
        "line": 57,
        "loc": {
          "start": { "line": 57, "column": 4 },
          "end": { "line": 65, "column": 4 }
        }
      },
      "3": {
        "name": "buyGoldNFT",
        "line": 68,
        "loc": {
          "start": { "line": 68, "column": 4 },
          "end": { "line": 76, "column": 4 }
        }
      },
      "4": {
        "name": "useNFT",
        "line": 78,
        "loc": {
          "start": { "line": 78, "column": 4 },
          "end": { "line": 114, "column": 4 }
        }
      },
      "5": {
        "name": "dropTo",
        "line": 117,
        "loc": {
          "start": { "line": 117, "column": 4 },
          "end": { "line": 133, "column": 4 }
        }
      },
      "6": {
        "name": "uri",
        "line": 135,
        "loc": {
          "start": { "line": 135, "column": 4 },
          "end": { "line": 144, "column": 4 }
        }
      },
      "7": {
        "name": "getUserNFTLimit",
        "line": 147,
        "loc": {
          "start": { "line": 147, "column": 4 },
          "end": { "line": 152, "column": 4 }
        }
      }
    },
    "statementMap": {
      "1": {
        "start": { "line": 58, "column": 8 },
        "end": { "line": 58, "column": 70 }
      },
      "2": {
        "start": { "line": 59, "column": 8 },
        "end": { "line": 59, "column": 73 }
      },
      "3": {
        "start": { "line": 64, "column": 8 },
        "end": { "line": 64, "column": 46 }
      },
      "4": {
        "start": { "line": 69, "column": 8 },
        "end": { "line": 69, "column": 66 }
      },
      "5": {
        "start": { "line": 70, "column": 8 },
        "end": { "line": 70, "column": 71 }
      },
      "6": {
        "start": { "line": 75, "column": 8 },
        "end": { "line": 75, "column": 44 }
      },
      "7": {
        "start": { "line": 79, "column": 8 },
        "end": { "line": 79, "column": 64 }
      },
      "8": {
        "start": { "line": 80, "column": 8 },
        "end": { "line": 80, "column": 2875 }
      },
      "9": {
        "start": { "line": 86, "column": 8 },
        "end": { "line": 86, "column": 38 }
      },
      "10": {
        "start": { "line": 90, "column": 8 },
        "end": { "line": 90, "column": 3135 }
      },
      "11": {
        "start": { "line": 91, "column": 12 },
        "end": { "line": 91, "column": 3181 }
      },
      "12": {
        "start": { "line": 94, "column": 12 },
        "end": { "line": 94, "column": 69 }
      },
      "13": {
        "start": { "line": 95, "column": 12 },
        "end": { "line": 95, "column": 3364 }
      },
      "14": {
        "start": { "line": 99, "column": 16 },
        "end": { "line": 99, "column": 51 }
      },
      "15": {
        "start": { "line": 103, "column": 12 },
        "end": { "line": 103, "column": 3708 }
      },
      "16": {
        "start": { "line": 106, "column": 12 },
        "end": { "line": 106, "column": 69 }
      },
      "17": {
        "start": { "line": 107, "column": 12 },
        "end": { "line": 107, "column": 3891 }
      },
      "18": {
        "start": { "line": 111, "column": 16 },
        "end": { "line": 111, "column": 51 }
      },
      "19": {
        "start": { "line": 118, "column": 8 },
        "end": { "line": 118, "column": 64 }
      },
      "20": {
        "start": { "line": 120, "column": 8 },
        "end": { "line": 120, "column": 4375 }
      },
      "21": {
        "start": { "line": 121, "column": 12 },
        "end": { "line": 121, "column": 75 }
      },
      "22": {
        "start": { "line": 124, "column": 12 },
        "end": { "line": 124, "column": 41 }
      },
      "23": {
        "start": { "line": 125, "column": 12 },
        "end": { "line": 125, "column": 62 }
      },
      "24": {
        "start": { "line": 127, "column": 12 },
        "end": { "line": 127, "column": 71 }
      },
      "25": {
        "start": { "line": 130, "column": 12 },
        "end": { "line": 130, "column": 41 }
      },
      "26": {
        "start": { "line": 131, "column": 12 },
        "end": { "line": 131, "column": 60 }
      },
      "27": {
        "start": { "line": 136, "column": 8 },
        "end": { "line": 136, "column": 5098 }
      },
      "28": {
        "start": { "line": 151, "column": 8 },
        "end": { "line": 151, "column": 45 }
      }
    },
    "branchMap": {
      "1": {
        "line": 58,
        "type": "if",
        "locations": [
          {
            "start": { "line": 58, "column": 8 },
            "end": { "line": 58, "column": 8 }
          },
          {
            "start": { "line": 58, "column": 8 },
            "end": { "line": 58, "column": 8 }
          }
        ]
      },
      "2": {
        "line": 59,
        "type": "if",
        "locations": [
          {
            "start": { "line": 59, "column": 8 },
            "end": { "line": 59, "column": 8 }
          },
          {
            "start": { "line": 59, "column": 8 },
            "end": { "line": 59, "column": 8 }
          }
        ]
      },
      "3": {
        "line": 69,
        "type": "if",
        "locations": [
          {
            "start": { "line": 69, "column": 8 },
            "end": { "line": 69, "column": 8 }
          },
          {
            "start": { "line": 69, "column": 8 },
            "end": { "line": 69, "column": 8 }
          }
        ]
      },
      "4": {
        "line": 70,
        "type": "if",
        "locations": [
          {
            "start": { "line": 70, "column": 8 },
            "end": { "line": 70, "column": 8 }
          },
          {
            "start": { "line": 70, "column": 8 },
            "end": { "line": 70, "column": 8 }
          }
        ]
      },
      "5": {
        "line": 79,
        "type": "if",
        "locations": [
          {
            "start": { "line": 79, "column": 8 },
            "end": { "line": 79, "column": 8 }
          },
          {
            "start": { "line": 79, "column": 8 },
            "end": { "line": 79, "column": 8 }
          }
        ]
      },
      "6": {
        "line": 79,
        "type": "cond-expr",
        "locations": [
          {
            "start": { "line": 79, "column": 16 },
            "end": { "line": 79, "column": 27 }
          },
          {
            "start": { "line": 79, "column": 32 },
            "end": { "line": 79, "column": 43 }
          }
        ]
      },
      "7": {
        "line": 80,
        "type": "if",
        "locations": [
          {
            "start": { "line": 80, "column": 8 },
            "end": { "line": 80, "column": 8 }
          },
          {
            "start": { "line": 80, "column": 8 },
            "end": { "line": 80, "column": 8 }
          }
        ]
      },
      "8": {
        "line": 90,
        "type": "if",
        "locations": [
          {
            "start": { "line": 90, "column": 8 },
            "end": { "line": 90, "column": 8 }
          },
          {
            "start": { "line": 90, "column": 8 },
            "end": { "line": 90, "column": 8 }
          }
        ]
      },
      "9": {
        "line": 95,
        "type": "if",
        "locations": [
          {
            "start": { "line": 95, "column": 12 },
            "end": { "line": 95, "column": 12 }
          },
          {
            "start": { "line": 95, "column": 12 },
            "end": { "line": 95, "column": 12 }
          }
        ]
      },
      "10": {
        "line": 107,
        "type": "if",
        "locations": [
          {
            "start": { "line": 107, "column": 12 },
            "end": { "line": 107, "column": 12 }
          },
          {
            "start": { "line": 107, "column": 12 },
            "end": { "line": 107, "column": 12 }
          }
        ]
      },
      "11": {
        "line": 117,
        "type": "if",
        "locations": [
          {
            "start": { "line": 117, "column": 61 },
            "end": { "line": 117, "column": 61 }
          },
          {
            "start": { "line": 117, "column": 61 },
            "end": { "line": 117, "column": 61 }
          }
        ]
      },
      "12": {
        "line": 118,
        "type": "if",
        "locations": [
          {
            "start": { "line": 118, "column": 8 },
            "end": { "line": 118, "column": 8 }
          },
          {
            "start": { "line": 118, "column": 8 },
            "end": { "line": 118, "column": 8 }
          }
        ]
      },
      "13": {
        "line": 118,
        "type": "cond-expr",
        "locations": [
          {
            "start": { "line": 118, "column": 16 },
            "end": { "line": 118, "column": 27 }
          },
          {
            "start": { "line": 118, "column": 32 },
            "end": { "line": 118, "column": 43 }
          }
        ]
      },
      "14": {
        "line": 120,
        "type": "if",
        "locations": [
          {
            "start": { "line": 120, "column": 8 },
            "end": { "line": 120, "column": 8 }
          },
          {
            "start": { "line": 120, "column": 8 },
            "end": { "line": 120, "column": 8 }
          }
        ]
      },
      "15": {
        "line": 121,
        "type": "if",
        "locations": [
          {
            "start": { "line": 121, "column": 12 },
            "end": { "line": 121, "column": 12 }
          },
          {
            "start": { "line": 121, "column": 12 },
            "end": { "line": 121, "column": 12 }
          }
        ]
      },
      "16": {
        "line": 127,
        "type": "if",
        "locations": [
          {
            "start": { "line": 127, "column": 12 },
            "end": { "line": 127, "column": 12 }
          },
          {
            "start": { "line": 127, "column": 12 },
            "end": { "line": 127, "column": 12 }
          }
        ]
      }
    }
  }
}
